<?xml version="1.0" encoding="UTF-8"?>
<!-- Generated by org.testng.reporters.JUnitReportReporter -->
<testsuite hostname="WBOX42" failures="0" tests="5" name="testCases.TestClass1" time="237.637" errors="2" timestamp="2024-03-20T15:31:59 IST" skipped="0">
  <testcase classname="testCases.TestClass1" name="login" time="26.845"/>
  <testcase classname="testCases.TestClass1" name="createParty" time="38.237"/>
  <testcase classname="testCases.TestClass1" name="removeParty" time="51.057">
    <error message="Expected condition failed: waiting for visibility of element located by By.id: com.nosh.list.NoshList:id/emailField (tried for 30 second(s) with 500 milliseconds interval)
Build info: version: &#039;4.15.0&#039;, revision: &#039;1d14b5521b&#039;
System info: os.name: &#039;Windows 10&#039;, os.arch: &#039;amd64&#039;, os.version: &#039;10.0&#039;, java.version: &#039;17.0.9&#039;
Driver info: io.appium.java_client.android.AndroidDriver
Capabilities {appium:appActivity: com.nosh.list.NoshList.Spla..., appium:appPackage: com.nosh.list.NoshList, appium:automationName: UiAutomator2, appium:databaseEnabled: false, appium:desired: {appActivity: com.nosh.list.NoshList.Spla..., appPackage: com.nosh.list.NoshList, automationName: UiAutomator2, deviceName: Samsung Galaxy M31, platformName: ANDROID, platformVersion: 12, recordVideo: true, udid: RZ8R32J9CBX}, appium:deviceApiLevel: 31, appium:deviceManufacturer: samsung, appium:deviceModel: SM-M315F, appium:deviceName: RZ8R32J9CBX, appium:deviceScreenDensity: 420, appium:deviceScreenSize: 1080x2340, appium:deviceUDID: RZ8R32J9CBX, appium:javascriptEnabled: true, appium:locationContextEnabled: false, appium:networkConnectionEnabled: true, appium:pixelRatio: 2.625, appium:platformVersion: 12, appium:recordVideo: true, appium:statBarHeight: 78, appium:takesScreenshot: true, appium:udid: RZ8R32J9CBX, appium:viewportRect: {height: 2262, left: 0, top: 78, width: 1080}, appium:warnings: {}, appium:webStorageEnabled: false, platformName: ANDROID}
Session ID: 6f2910ae-0428-4806-b682-60681dbf02fa" type="org.openqa.selenium.TimeoutException">
      <![CDATA[org.openqa.selenium.TimeoutException: Expected condition failed: waiting for visibility of element located by By.id: com.nosh.list.NoshList:id/emailField (tried for 30 second(s) with 500 milliseconds interval)
Build info: version: '4.15.0', revision: '1d14b5521b'
System info: os.name: 'Windows 10', os.arch: 'amd64', os.version: '10.0', java.version: '17.0.9'
Driver info: io.appium.java_client.android.AndroidDriver
Capabilities {appium:appActivity: com.nosh.list.NoshList.Spla..., appium:appPackage: com.nosh.list.NoshList, appium:automationName: UiAutomator2, appium:databaseEnabled: false, appium:desired: {appActivity: com.nosh.list.NoshList.Spla..., appPackage: com.nosh.list.NoshList, automationName: UiAutomator2, deviceName: Samsung Galaxy M31, platformName: ANDROID, platformVersion: 12, recordVideo: true, udid: RZ8R32J9CBX}, appium:deviceApiLevel: 31, appium:deviceManufacturer: samsung, appium:deviceModel: SM-M315F, appium:deviceName: RZ8R32J9CBX, appium:deviceScreenDensity: 420, appium:deviceScreenSize: 1080x2340, appium:deviceUDID: RZ8R32J9CBX, appium:javascriptEnabled: true, appium:locationContextEnabled: false, appium:networkConnectionEnabled: true, appium:pixelRatio: 2.625, appium:platformVersion: 12, appium:recordVideo: true, appium:statBarHeight: 78, appium:takesScreenshot: true, appium:udid: RZ8R32J9CBX, appium:viewportRect: {height: 2262, left: 0, top: 78, width: 1080}, appium:warnings: {}, appium:webStorageEnabled: false, platformName: ANDROID}
Session ID: 6f2910ae-0428-4806-b682-60681dbf02fa
at org.openqa.selenium.support.ui.WebDriverWait.timeoutException(WebDriverWait.java:84)
at org.openqa.selenium.support.ui.FluentWait.until(FluentWait.java:229)
at com.AppiumDemo.pomrepo.CreateParty.synchronised(CreateParty.java:25)
at com.AppiumDemo.pomrepo.CreateParty.getLoginEmailTextField(CreateParty.java:38)
at testCases.TestClass1.removeParty(TestClass1.java:67)
at java.base/jdk.internal.reflect.NativeMethodAccessorImpl.invoke0(Native Method)
at java.base/jdk.internal.reflect.NativeMethodAccessorImpl.invoke(NativeMethodAccessorImpl.java:77)
at java.base/jdk.internal.reflect.DelegatingMethodAccessorImpl.invoke(DelegatingMethodAccessorImpl.java:43)
at java.base/java.lang.reflect.Method.invoke(Method.java:568)
at org.testng.internal.invokers.MethodInvocationHelper.invokeMethod(MethodInvocationHelper.java:139)
at org.testng.internal.invokers.TestInvoker.invokeMethod(TestInvoker.java:664)
at org.testng.internal.invokers.TestInvoker.invokeTestMethod(TestInvoker.java:227)
at org.testng.internal.invokers.MethodRunner.runInSequence(MethodRunner.java:50)
at org.testng.internal.invokers.TestInvoker$MethodInvocationAgent.invoke(TestInvoker.java:957)
at org.testng.internal.invokers.TestInvoker.invokeTestMethods(TestInvoker.java:200)
at org.testng.internal.invokers.TestMethodWorker.invokeTestMethods(TestMethodWorker.java:148)
at org.testng.internal.invokers.TestMethodWorker.run(TestMethodWorker.java:128)
at java.base/java.util.ArrayList.forEach(ArrayList.java:1511)
at org.testng.TestRunner.privateRun(TestRunner.java:848)
at org.testng.TestRunner.run(TestRunner.java:621)
at org.testng.SuiteRunner.runTest(SuiteRunner.java:443)
at org.testng.SuiteRunner.runSequentially(SuiteRunner.java:437)
at org.testng.SuiteRunner.privateRun(SuiteRunner.java:397)
at org.testng.SuiteRunner.run(SuiteRunner.java:336)
at org.testng.SuiteRunnerWorker.runSuite(SuiteRunnerWorker.java:52)
at org.testng.SuiteRunnerWorker.run(SuiteRunnerWorker.java:95)
at org.testng.TestNG.runSuitesSequentially(TestNG.java:1280)
at org.testng.TestNG.runSuitesLocally(TestNG.java:1200)
at org.testng.TestNG.runSuites(TestNG.java:1114)
at org.testng.TestNG.run(TestNG.java:1082)
at org.testng.remote.AbstractRemoteTestNG.run(AbstractRemoteTestNG.java:115)
at org.testng.remote.RemoteTestNG.initAndRun(RemoteTestNG.java:251)
at org.testng.remote.RemoteTestNG.main(RemoteTestNG.java:77)
]]>
    </error>
    <system-out>
      <![CDATA[<a href='C:\Users\wbox42\eclipse-workspace\AppiumDemo\target\surefire-reports\failure_screenshots\removeParty_20_03_2024_03_29_47.png'> <img src='C:\Users\wbox42\eclipse-workspace\AppiumDemo\target\surefire-reports\failure_screenshots\removeParty_20_03_2024_03_29_47.png' height='100' width='100'/> </a>]]>
    </system-out>
  </testcase> <!-- removeParty -->
  <testcase classname="testCases.TestClass1" name="serveParty" time="70.060">
    <error message="An element could not be located on the page using the given search parameters.
For documentation on this error, please visit: https://www.selenium.dev/documentation/webdriver/troubleshooting/errors#no-such-element-exception
Build info: version: &#039;4.15.0&#039;, revision: &#039;1d14b5521b&#039;
System info: os.name: &#039;Windows 10&#039;, os.arch: &#039;amd64&#039;, os.version: &#039;10.0&#039;, java.version: &#039;17.0.9&#039;
Driver info: io.appium.java_client.android.AndroidDriver
Command: [e97df935-eb13-4db9-9e53-c1132477e51e, findElement {using=xpath, value=//android.widget.TextView[@text=&#039;John&#039;]/following-sibling::android.widget.TextView[contains(@text,&#039;served&#039;)]}]
Capabilities {appium:appActivity: com.nosh.list.NoshList.Spla..., appium:appPackage: com.nosh.list.NoshList, appium:automationName: UiAutomator2, appium:databaseEnabled: false, appium:desired: {appActivity: com.nosh.list.NoshList.Spla..., appPackage: com.nosh.list.NoshList, automationName: UiAutomator2, deviceName: Samsung Galaxy M31, platformName: ANDROID, platformVersion: 12, recordVideo: true, udid: RZ8R32J9CBX}, appium:deviceApiLevel: 31, appium:deviceManufacturer: samsung, appium:deviceModel: SM-M315F, appium:deviceName: RZ8R32J9CBX, appium:deviceScreenDensity: 420, appium:deviceScreenSize: 1080x2340, appium:deviceUDID: RZ8R32J9CBX, appium:javascriptEnabled: true, appium:locationContextEnabled: false, appium:networkConnectionEnabled: true, appium:pixelRatio: 2.625, appium:platformVersion: 12, appium:recordVideo: true, appium:statBarHeight: 78, appium:takesScreenshot: true, appium:udid: RZ8R32J9CBX, appium:viewportRect: {height: 2262, left: 0, top: 78, width: 1080}, appium:warnings: {}, appium:webStorageEnabled: false, platformName: ANDROID}
Session ID: e97df935-eb13-4db9-9e53-c1132477e51e" type="org.openqa.selenium.NoSuchElementException">
      <![CDATA[org.openqa.selenium.NoSuchElementException: An element could not be located on the page using the given search parameters.
For documentation on this error, please visit: https://www.selenium.dev/documentation/webdriver/troubleshooting/errors#no-such-element-exception
Build info: version: '4.15.0', revision: '1d14b5521b'
System info: os.name: 'Windows 10', os.arch: 'amd64', os.version: '10.0', java.version: '17.0.9'
Driver info: io.appium.java_client.android.AndroidDriver
Command: [e97df935-eb13-4db9-9e53-c1132477e51e, findElement {using=xpath, value=//android.widget.TextView[@text='John']/following-sibling::android.widget.TextView[contains(@text,'served')]}]
Capabilities {appium:appActivity: com.nosh.list.NoshList.Spla..., appium:appPackage: com.nosh.list.NoshList, appium:automationName: UiAutomator2, appium:databaseEnabled: false, appium:desired: {appActivity: com.nosh.list.NoshList.Spla..., appPackage: com.nosh.list.NoshList, automationName: UiAutomator2, deviceName: Samsung Galaxy M31, platformName: ANDROID, platformVersion: 12, recordVideo: true, udid: RZ8R32J9CBX}, appium:deviceApiLevel: 31, appium:deviceManufacturer: samsung, appium:deviceModel: SM-M315F, appium:deviceName: RZ8R32J9CBX, appium:deviceScreenDensity: 420, appium:deviceScreenSize: 1080x2340, appium:deviceUDID: RZ8R32J9CBX, appium:javascriptEnabled: true, appium:locationContextEnabled: false, appium:networkConnectionEnabled: true, appium:pixelRatio: 2.625, appium:platformVersion: 12, appium:recordVideo: true, appium:statBarHeight: 78, appium:takesScreenshot: true, appium:udid: RZ8R32J9CBX, appium:viewportRect: {height: 2262, left: 0, top: 78, width: 1080}, appium:warnings: {}, appium:webStorageEnabled: false, platformName: ANDROID}
Session ID: e97df935-eb13-4db9-9e53-c1132477e51e
at java.base/jdk.internal.reflect.NativeConstructorAccessorImpl.newInstance0(Native Method)
at java.base/jdk.internal.reflect.NativeConstructorAccessorImpl.newInstance(NativeConstructorAccessorImpl.java:77)
at java.base/jdk.internal.reflect.DelegatingConstructorAccessorImpl.newInstance(DelegatingConstructorAccessorImpl.java:45)
at java.base/java.lang.reflect.Constructor.newInstanceWithCaller(Constructor.java:499)
at java.base/java.lang.reflect.Constructor.newInstance(Constructor.java:480)
at org.openqa.selenium.remote.codec.w3c.W3CHttpResponseCodec.createException(W3CHttpResponseCodec.java:200)
at org.openqa.selenium.remote.codec.w3c.W3CHttpResponseCodec.decode(W3CHttpResponseCodec.java:133)
at org.openqa.selenium.remote.codec.w3c.W3CHttpResponseCodec.decode(W3CHttpResponseCodec.java:52)
at org.openqa.selenium.remote.HttpCommandExecutor.execute(HttpCommandExecutor.java:191)
at io.appium.java_client.remote.AppiumCommandExecutor.execute(AppiumCommandExecutor.java:238)
at org.openqa.selenium.remote.RemoteWebDriver.execute(RemoteWebDriver.java:607)
at org.openqa.selenium.remote.ElementLocation$ElementFinder$2.findElement(ElementLocation.java:165)
at org.openqa.selenium.remote.ElementLocation.findElement(ElementLocation.java:59)
at org.openqa.selenium.remote.RemoteWebDriver.findElement(RemoteWebDriver.java:364)
at org.openqa.selenium.remote.RemoteWebDriver.findElement(RemoteWebDriver.java:358)
at org.openqa.selenium.support.pagefactory.DefaultElementLocator.findElement(DefaultElementLocator.java:68)
at org.openqa.selenium.support.pagefactory.internal.LocatingElementHandler.invoke(LocatingElementHandler.java:38)
at jdk.proxy2/jdk.proxy2.$Proxy30.getAttribute(Unknown Source)
at testCases.TestClass1.serveParty(TestClass1.java:99)
at java.base/jdk.internal.reflect.NativeMethodAccessorImpl.invoke0(Native Method)
at java.base/jdk.internal.reflect.NativeMethodAccessorImpl.invoke(NativeMethodAccessorImpl.java:77)
at java.base/jdk.internal.reflect.DelegatingMethodAccessorImpl.invoke(DelegatingMethodAccessorImpl.java:43)
at java.base/java.lang.reflect.Method.invoke(Method.java:568)
at org.testng.internal.invokers.MethodInvocationHelper.invokeMethod(MethodInvocationHelper.java:139)
at org.testng.internal.invokers.TestInvoker.invokeMethod(TestInvoker.java:664)
at org.testng.internal.invokers.TestInvoker.invokeTestMethod(TestInvoker.java:227)
at org.testng.internal.invokers.MethodRunner.runInSequence(MethodRunner.java:50)
at org.testng.internal.invokers.TestInvoker$MethodInvocationAgent.invoke(TestInvoker.java:957)
at org.testng.internal.invokers.TestInvoker.invokeTestMethods(TestInvoker.java:200)
at org.testng.internal.invokers.TestMethodWorker.invokeTestMethods(TestMethodWorker.java:148)
at org.testng.internal.invokers.TestMethodWorker.run(TestMethodWorker.java:128)
at java.base/java.util.ArrayList.forEach(ArrayList.java:1511)
at org.testng.TestRunner.privateRun(TestRunner.java:848)
at org.testng.TestRunner.run(TestRunner.java:621)
at org.testng.SuiteRunner.runTest(SuiteRunner.java:443)
at org.testng.SuiteRunner.runSequentially(SuiteRunner.java:437)
at org.testng.SuiteRunner.privateRun(SuiteRunner.java:397)
at org.testng.SuiteRunner.run(SuiteRunner.java:336)
at org.testng.SuiteRunnerWorker.runSuite(SuiteRunnerWorker.java:52)
at org.testng.SuiteRunnerWorker.run(SuiteRunnerWorker.java:95)
at org.testng.TestNG.runSuitesSequentially(TestNG.java:1280)
at org.testng.TestNG.runSuitesLocally(TestNG.java:1200)
at org.testng.TestNG.runSuites(TestNG.java:1114)
at org.testng.TestNG.run(TestNG.java:1082)
at org.testng.remote.AbstractRemoteTestNG.run(AbstractRemoteTestNG.java:115)
at org.testng.remote.RemoteTestNG.initAndRun(RemoteTestNG.java:251)
at org.testng.remote.RemoteTestNG.main(RemoteTestNG.java:77)
]]>
    </error>
    <system-out>
      <![CDATA[<a href='C:\Users\wbox42\eclipse-workspace\AppiumDemo\target\surefire-reports\failure_screenshots\serveParty_20_03_2024_03_31_01.png'> <img src='C:\Users\wbox42\eclipse-workspace\AppiumDemo\target\surefire-reports\failure_screenshots\serveParty_20_03_2024_03_31_01.png' height='100' width='100'/> </a>]]>
    </system-out>
  </testcase> <!-- serveParty -->
  <testcase classname="testCases.TestClass1" name="reAddParty" time="51.438"/>
  <system-out>
    <![CDATA[<a href='C:\Users\wbox42\eclipse-workspace\AppiumDemo\target\surefire-reports\failure_screenshots\removeParty_20_03_2024_03_29_47.png'> <img src='C:\Users\wbox42\eclipse-workspace\AppiumDemo\target\surefire-reports\failure_screenshots\removeParty_20_03_2024_03_29_47.png' height='100' width='100'/> </a>
<a href='C:\Users\wbox42\eclipse-workspace\AppiumDemo\target\surefire-reports\failure_screenshots\serveParty_20_03_2024_03_31_01.png'> <img src='C:\Users\wbox42\eclipse-workspace\AppiumDemo\target\surefire-reports\failure_screenshots\serveParty_20_03_2024_03_31_01.png' height='100' width='100'/> </a>]]>
  </system-out>
</testsuite> <!-- testCases.TestClass1 -->
