<?xml version="1.0" encoding="UTF-8"?>
<!-- Generated by org.testng.reporters.JUnitReportReporter -->
<testsuite hostname="WBOX42" failures="1" tests="5" name="testCases.TestClass2" time="79.587" errors="0" timestamp="2024-03-21T12:19:39 IST" skipped="2">
  <testcase classname="testCases.TestClass2" name="signupScenario" time="38.684"/>
  <testcase classname="testCases.TestClass2" name="loginScenario" time="4.740"/>
  <testcase classname="testCases.TestClass2" name="createPartyScenario" time="36.163">
    <failure message="expected [true] but found [false]" type="java.lang.AssertionError">
      <![CDATA[java.lang.AssertionError: expected [true] but found [false]
at org.testng.Assert.fail(Assert.java:111)
at org.testng.Assert.failNotEquals(Assert.java:1578)
at org.testng.Assert.assertEqualsImpl(Assert.java:150)
at org.testng.Assert.assertEquals(Assert.java:132)
at org.testng.Assert.assertEquals(Assert.java:1067)
at org.testng.Assert.assertEquals(Assert.java:1031)
at org.testng.Assert.assertEquals(Assert.java:1077)
at testCases.TestClass2.createPartyScenario(TestClass2.java:96)
at java.base/jdk.internal.reflect.NativeMethodAccessorImpl.invoke0(Native Method)
at java.base/jdk.internal.reflect.NativeMethodAccessorImpl.invoke(NativeMethodAccessorImpl.java:77)
at java.base/jdk.internal.reflect.DelegatingMethodAccessorImpl.invoke(DelegatingMethodAccessorImpl.java:43)
at java.base/java.lang.reflect.Method.invoke(Method.java:568)
at org.testng.internal.invokers.MethodInvocationHelper.invokeMethod(MethodInvocationHelper.java:139)
at org.testng.internal.invokers.TestInvoker.invokeMethod(TestInvoker.java:664)
at org.testng.internal.invokers.TestInvoker.invokeTestMethod(TestInvoker.java:227)
at org.testng.internal.invokers.MethodRunner.runInSequence(MethodRunner.java:50)
at org.testng.internal.invokers.TestInvoker$MethodInvocationAgent.invoke(TestInvoker.java:957)
at org.testng.internal.invokers.TestInvoker.invokeTestMethods(TestInvoker.java:200)
at org.testng.internal.invokers.TestMethodWorker.invokeTestMethods(TestMethodWorker.java:148)
at org.testng.internal.invokers.TestMethodWorker.run(TestMethodWorker.java:128)
at java.base/java.util.ArrayList.forEach(ArrayList.java:1511)
at org.testng.TestRunner.privateRun(TestRunner.java:848)
at org.testng.TestRunner.run(TestRunner.java:621)
at org.testng.SuiteRunner.runTest(SuiteRunner.java:443)
at org.testng.SuiteRunner.runSequentially(SuiteRunner.java:437)
at org.testng.SuiteRunner.privateRun(SuiteRunner.java:397)
at org.testng.SuiteRunner.run(SuiteRunner.java:336)
at org.testng.SuiteRunnerWorker.runSuite(SuiteRunnerWorker.java:52)
at org.testng.SuiteRunnerWorker.run(SuiteRunnerWorker.java:95)
at org.testng.TestNG.runSuitesSequentially(TestNG.java:1280)
at org.testng.TestNG.runSuitesLocally(TestNG.java:1200)
at org.testng.TestNG.runSuites(TestNG.java:1114)
at org.testng.TestNG.run(TestNG.java:1082)
at org.testng.remote.AbstractRemoteTestNG.run(AbstractRemoteTestNG.java:115)
at org.testng.remote.RemoteTestNG.initAndRun(RemoteTestNG.java:251)
at org.testng.remote.RemoteTestNG.main(RemoteTestNG.java:77)
]]>
    </failure>
    <system-out>
      <![CDATA[<a href='C:\Users\wbox42\eclipse-workspace\AppiumDemo\target\surefire-reports\failure_screenshots\createPartyScenario_21_03_2024_12_19_34.png'> <img src='C:\Users\wbox42\eclipse-workspace\AppiumDemo\target\surefire-reports\failure_screenshots\createPartyScenario_21_03_2024_12_19_34.png' height='100' width='100'/> </a>]]>
    </system-out>
  </testcase> <!-- createPartyScenario -->
  <testcase classname="testCases.TestClass2" name="removeParty">
    <skipped/>
  </testcase> <!-- removeParty -->
  <testcase classname="testCases.TestClass2" name="serveParty">
    <skipped/>
  </testcase> <!-- serveParty -->
  <system-out>
    <![CDATA[<a href='C:\Users\wbox42\eclipse-workspace\AppiumDemo\target\surefire-reports\failure_screenshots\createPartyScenario_21_03_2024_12_19_34.png'> <img src='C:\Users\wbox42\eclipse-workspace\AppiumDemo\target\surefire-reports\failure_screenshots\createPartyScenario_21_03_2024_12_19_34.png' height='100' width='100'/> </a>]]>
  </system-out>
</testsuite> <!-- testCases.TestClass2 -->
